<?xml version="1.0" encoding="UTF-8"?>
<!-- Generated by org.testng.reporters.JUnitReportReporter -->
<testsuite skipped="0" hostname="Ankur" name="org.tyss.Demo" tests="1" failures="0" timestamp="20 Jul 2019 15:29:02 GMT" time="0.015" errors="0">
  <testcase name="DemoJ" time="0.015" classname="org.tyss.Demo"/>
</testsuite> <!-- org.tyss.Demo -->
